Determining if the pthread_create exist failed with the following output:
Change Dir: /home/parksh/catkin_ws/build/CMakeFiles/CMakeTmp

Run Build Command:"/usr/bin/make" "cmTC_9dda4/fast"
/usr/bin/make -f CMakeFiles/cmTC_9dda4.dir/build.make CMakeFiles/cmTC_9dda4.dir/build
make[1]: 디렉터리 '/home/parksh/catkin_ws/build/CMakeFiles/CMakeTmp' 들어감
Building C object CMakeFiles/cmTC_9dda4.dir/CheckSymbolExists.c.o
/usr/bin/cc     -o CMakeFiles/cmTC_9dda4.dir/CheckSymbolExists.c.o   -c /home/parksh/catkin_ws/build/CMakeFiles/CMakeTmp/CheckSymbolExists.c
Linking C executable cmTC_9dda4
/usr/bin/cmake -E cmake_link_script CMakeFiles/cmTC_9dda4.dir/link.txt --verbose=1
/usr/bin/cc       CMakeFiles/cmTC_9dda4.dir/CheckSymbolExists.c.o  -o cmTC_9dda4 -rdynamic 
CMakeFiles/cmTC_9dda4.dir/CheckSymbolExists.c.o: In function `main':
CheckSymbolExists.c:(.text+0x16): undefined reference to `pthread_create'
collect2: error: ld returned 1 exit status
CMakeFiles/cmTC_9dda4.dir/build.make:97: 'cmTC_9dda4' 타겟에 대한 명령이 실패했습니다
make[1]: *** [cmTC_9dda4] 오류 1
make[1]: 디렉터리 '/home/parksh/catkin_ws/build/CMakeFiles/CMakeTmp' 나감
Makefile:126: 'cmTC_9dda4/fast' 타겟에 대한 명령이 실패했습니다
make: *** [cmTC_9dda4/fast] 오류 2

File /home/parksh/catkin_ws/build/CMakeFiles/CMakeTmp/CheckSymbolExists.c:
/* */
#include <pthread.h>

int main(int argc, char** argv)
{
  (void)argv;
#ifndef pthread_create
  return ((int*)(&pthread_create))[argc];
#else
  (void)argc;
  return 0;
#endif
}

Determining if the function pthread_create exists in the pthreads failed with the following output:
Change Dir: /home/parksh/catkin_ws/build/CMakeFiles/CMakeTmp

Run Build Command:"/usr/bin/make" "cmTC_e182a/fast"
/usr/bin/make -f CMakeFiles/cmTC_e182a.dir/build.make CMakeFiles/cmTC_e182a.dir/build
make[1]: 디렉터리 '/home/parksh/catkin_ws/build/CMakeFiles/CMakeTmp' 들어감
Building C object CMakeFiles/cmTC_e182a.dir/CheckFunctionExists.c.o
/usr/bin/cc    -DCHECK_FUNCTION_EXISTS=pthread_create   -o CMakeFiles/cmTC_e182a.dir/CheckFunctionExists.c.o   -c /usr/share/cmake-3.5/Modules/CheckFunctionExists.c
Linking C executable cmTC_e182a
/usr/bin/cmake -E cmake_link_script CMakeFiles/cmTC_e182a.dir/link.txt --verbose=1
/usr/bin/cc   -DCHECK_FUNCTION_EXISTS=pthread_create    CMakeFiles/cmTC_e182a.dir/CheckFunctionExists.c.o  -o cmTC_e182a -rdynamic -lpthreads 
/usr/bin/ld: cannot find -lpthreads
collect2: error: ld returned 1 exit status
CMakeFiles/cmTC_e182a.dir/build.make:97: 'cmTC_e182a' 타겟에 대한 명령이 실패했습니다
make[1]: *** [cmTC_e182a] 오류 1
make[1]: 디렉터리 '/home/parksh/catkin_ws/build/CMakeFiles/CMakeTmp' 나감
Makefile:126: 'cmTC_e182a/fast' 타겟에 대한 명령이 실패했습니다
make: *** [cmTC_e182a/fast] 오류 2


